#
# There is insufficient memory for the Java Runtime Environment to continue.
# Native memory allocation (malloc) failed to allocate 120976 bytes for Chunk::new
# Possible reasons:
#   The system is out of physical RAM or swap space
#   The process is running with CompressedOops enabled, and the Java Heap may be blocking the growth of the native heap
# Possible solutions:
#   Reduce memory load on the system
#   Increase physical memory or swap space
#   Check if swap backing store is full
#   Decrease Java heap size (-Xmx/-Xms)
#   Decrease number of Java threads
#   Decrease Java thread stack sizes (-Xss)
#   Set larger code cache with -XX:ReservedCodeCacheSize=
#   JVM is running with Unscaled Compressed Oops mode in which the Java heap is
#     placed in the first 4GB address space. The Java Heap base address is the
#     maximum limit for the native heap growth. Please use -XX:HeapBaseMinAddress
#     to set the Java Heap base and to place the Java Heap above 4GB virtual address.
# This output file may be truncated or incomplete.
#
#  Out of Memory Error (./src/hotspot/share/memory/arena.cpp:197), pid=18528, tid=23904
#
# JRE version: OpenJDK Runtime Environment (11.0.13) (build 11.0.13+0-b1751.21-8125866)
# Java VM: OpenJDK 64-Bit Server VM (11.0.13+0-b1751.21-8125866, mixed mode, tiered, compressed oops, g1 gc, windows-amd64)
# No core dump will be written. Minidumps are not enabled by default on client versions of Windows
#

---------------  S U M M A R Y ------------

Command Line: -Dorg.gradle.appname=gradlew org.gradle.wrapper.GradleWrapperMain -q -Ptarget-platform=android-x86 -Ptarget=C:\Users\IHabra\StudioProjects\clima\lib\main.dart -Pbase-application-name=android.app.Application -Pdart-defines=Zmx1dHRlci5pbnNwZWN0b3Iuc3RydWN0dXJlZEVycm9ycz10cnVl,RkxVVFRFUl9XRUJfQVVUT19ERVRFQ1Q9dHJ1ZQ== -Pdart-obfuscation=false -Ptrack-widget-creation=true -Ptree-shake-icons=false -Pfilesystem-scheme=org-dartlang-root assembleDebug

Host: AMD Ryzen 7 5800H with Radeon Graphics         , 16 cores, 7G,  Windows 10 , 64 bit Build 19041 (10.0.19041.2364)
Time: Thu Jan 12 12:44:20 2023 Jerusalem Standard Time elapsed time: 0.614573 seconds (0d 0h 0m 0s)

---------------  T H R E A D  ---------------

Current thread (0x00000259ff191000):  JavaThread "C2 CompilerThread0" daemon [_thread_in_native, id=23904, stack(0x0000007761d00000,0x0000007761e00000)]


Current CompileTask:
C2:    614  407       4       java.lang.StringLatin1::toLowerCase (180 bytes)

Stack: [0x0000007761d00000,0x0000007761e00000]
Native frames: (J=compiled Java code, j=interpreted, Vv=VM code, C=native code)
V  [jvm.dll+0x6100fa]
V  [jvm.dll+0x747090]
V  [jvm.dll+0x7486ad]
V  [jvm.dll+0x748d83]
V  [jvm.dll+0x24ab48]
V  [jvm.dll+0xc04dc]
V  [jvm.dll+0xc0a0c]
V  [jvm.dll+0x35eb9d]
V  [jvm.dll+0x32b833]
V  [jvm.dll+0x32ad2a]
V  [jvm.dll+0x2032b2]
V  [jvm.dll+0x202437]
V  [jvm.dll+0x188e01]
V  [jvm.dll+0x21106b]
V  [jvm.dll+0x20f8c1]
V  [jvm.dll+0x70de0f]
V  [jvm.dll+0x706a75]
V  [jvm.dll+0x60ed66]
C  [ucrtbase.dll+0x21bb2]
C  [KERNEL32.DLL+0x17614]
C  [ntdll.dll+0x526a1]


---------------  P R O C E S S  ---------------

Threads class SMR info:
_java_thread_list=0x00000259ff306850, length=10, elements={
0x00000259e3e93800, 0x00000259fe7ec000, 0x00000259fe7f4800, 0x00000259ff18a000,
0x00000259ff18c000, 0x00000259ff18d000, 0x00000259ff191000, 0x00000259ff192000,
0x00000259ff193000, 0x00000259ff313000
}

Java Threads: ( => current thread )
  0x00000259e3e93800 JavaThread "main" [_thread_in_native, id=19292, stack(0x0000007761100000,0x0000007761200000)]
  0x00000259fe7ec000 JavaThread "Reference Handler" daemon [_thread_blocked, id=17700, stack(0x0000007761800000,0x0000007761900000)]
  0x00000259fe7f4800 JavaThread "Finalizer" daemon [_thread_blocked, id=22908, stack(0x0000007761900000,0x0000007761a00000)]
  0x00000259ff18a000 JavaThread "Signal Dispatcher" daemon [_thread_blocked, id=20604, stack(0x0000007761a00000,0x0000007761b00000)]
  0x00000259ff18c000 JavaThread "Attach Listener" daemon [_thread_blocked, id=19620, stack(0x0000007761b00000,0x0000007761c00000)]
  0x00000259ff18d000 JavaThread "Service Thread" daemon [_thread_blocked, id=22736, stack(0x0000007761c00000,0x0000007761d00000)]
=>0x00000259ff191000 JavaThread "C2 CompilerThread0" daemon [_thread_in_native, id=23904, stack(0x0000007761d00000,0x0000007761e00000)]
  0x00000259ff192000 JavaThread "C1 CompilerThread0" daemon [_thread_in_native, id=21536, stack(0x0000007761e00000,0x0000007761f00000)]
  0x00000259ff193000 JavaThread "Sweeper thread" daemon [_thread_blocked, id=20596, stack(0x0000007761f00000,0x0000007762000000)]
  0x00000259ff313000 JavaThread "Common-Cleaner" daemon [_thread_blocked, id=27668, stack(0x0000007762100000,0x0000007762200000)]

Other Threads:
  0x00000259fe7c9000 VMThread "VM Thread" [stack: 0x0000007761700000,0x0000007761800000] [id=16840]
  0x00000259ff30a800 WatcherThread [stack: 0x0000007762000000,0x0000007762100000] [id=20504]
  0x00000259e1cab800 GCTaskThread "GC Thread#0" [stack: 0x0000007761200000,0x0000007761300000] [id=21764]
  0x00000259e3ed4800 ConcurrentGCThread "G1 Main Marker" [stack: 0x0000007761300000,0x0000007761400000] [id=6460]
  0x00000259e3ed6000 ConcurrentGCThread "G1 Conc#0" [stack: 0x0000007761400000,0x0000007761500000] [id=29692]
  0x00000259fe630800 ConcurrentGCThread "G1 Refine#0" [stack: 0x0000007761500000,0x0000007761600000] [id=14412]
  0x00000259fe633800 ConcurrentGCThread "G1 Young RemSet Sampling" [stack: 0x0000007761600000,0x0000007761700000] [id=16740]

Threads with active compile tasks:
C2 CompilerThread0    647  407       4       java.lang.StringLatin1::toLowerCase (180 bytes)
C1 CompilerThread0    647  440       3       java.util.regex.Pattern::atom (422 bytes)

VM state:not at safepoint (normal execution)

VM Mutex/Monitor currently owned by a thread: None

Heap address: 0x000000008a400000, size: 1884 MB, Compressed Oops mode: 32-bit
Narrow klass base: 0x0000000000000000, Narrow klass shift: 3
Compressed class space size: 1073741824 Address: 0x0000000100000000

Heap:
 garbage-first heap   total 120832K, used 8192K [0x000000008a400000, 0x0000000100000000)
  region size 1024K, 9 young (9216K), 0 survivors (0K)
 Metaspace       used 7421K, capacity 7577K, committed 7680K, reserved 1056768K
  class space    used 645K, capacity 714K, committed 768K, reserved 1048576K
Heap Regions: E=young(eden), S=young(survivor), O=old, HS=humongous(starts), HC=humongous(continues), CS=collection set, F=free, A=archive, TAMS=top-at-mark-start (previous, next)
|   0|0x000000008a400000, 0x000000008a400000, 0x000000008a500000|  0%| F|  |TAMS 0x000000008a400000, 0x000000008a400000| Untracked 
|   1|0x000000008a500000, 0x000000008a500000, 0x000000008a600000|  0%| F|  |TAMS 0x000000008a500000, 0x000000008a500000| Untracked 
|   2|0x000000008a600000, 0x000000008a600000, 0x000000008a700000|  0%| F|  |TAMS 0x000000008a600000, 0x000000008a600000| Untracked 
|   3|0x000000008a700000, 0x000000008a700000, 0x000000008a800000|  0%| F|  |TAMS 0x000000008a700000, 0x000000008a700000| Untracked 
|   4|0x000000008a800000, 0x000000008a800000, 0x000000008a900000|  0%| F|  |TAMS 0x000000008a800000, 0x000000008a800000| Untracked 
|   5|0x000000008a900000, 0x000000008a900000, 0x000000008aa00000|  0%| F|  |TAMS 0x000000008a900000, 0x000000008a900000| Untracked 
|   6|0x000000008aa00000, 0x000000008aa00000, 0x000000008ab00000|  0%| F|  |TAMS 0x000000008aa00000, 0x000000008aa00000| Untracked 
|   7|0x000000008ab00000, 0x000000008ab00000, 0x000000008ac00000|  0%| F|  |TAMS 0x000000008ab00000, 0x000000008ab00000| Untracked 
|   8|0x000000008ac00000, 0x000000008ac00000, 0x000000008ad00000|  0%| F|  |TAMS 0x000000008ac00000, 0x000000008ac00000| Untracked 
|   9|0x000000008ad00000, 0x000000008ad00000, 0x000000008ae00000|  0%| F|  |TAMS 0x000000008ad00000, 0x000000008ad00000| Untracked 
|  10|0x000000008ae00000, 0x000000008ae00000, 0x000000008af00000|  0%| F|  |TAMS 0x000000008ae00000, 0x000000008ae00000| Untracked 
|  11|0x000000008af00000, 0x000000008af00000, 0x000000008b000000|  0%| F|  |TAMS 0x000000008af00000, 0x000000008af00000| Untracked 
|  12|0x000000008b000000, 0x000000008b000000, 0x000000008b100000|  0%| F|  |TAMS 0x000000008b000000, 0x000000008b000000| Untracked 
|  13|0x000000008b100000, 0x000000008b100000, 0x000000008b200000|  0%| F|  |TAMS 0x000000008b100000, 0x000000008b100000| Untracked 
|  14|0x000000008b200000, 0x000000008b200000, 0x000000008b300000|  0%| F|  |TAMS 0x000000008b200000, 0x000000008b200000| Untracked 
|  15|0x000000008b300000, 0x000000008b300000, 0x000000008b400000|  0%| F|  |TAMS 0x000000008b300000, 0x000000008b300000| Untracked 
|  16|0x000000008b400000, 0x000000008b400000, 0x000000008b500000|  0%| F|  |TAMS 0x000000008b400000, 0x000000008b400000| Untracked 
|  17|0x000000008b500000, 0x000000008b500000, 0x000000008b600000|  0%| F|  |TAMS 0x000000008b500000, 0x000000008b500000| Untracked 
|  18|0x000000008b600000, 0x000000008b600000, 0x000000008b700000|  0%| F|  |TAMS 0x000000008b600000, 0x000000008b600000| Untracked 
|  19|0x000000008b700000, 0x000000008b700000, 0x000000008b800000|  0%| F|  |TAMS 0x000000008b700000, 0x000000008b700000| Untracked 
|  20|0x000000008b800000, 0x000000008b800000, 0x000000008b900000|  0%| F|  |TAMS 0x000000008b800000, 0x000000008b800000| Untracked 
|  21|0x000000008b900000, 0x000000008b900000, 0x000000008ba00000|  0%| F|  |TAMS 0x000000008b900000, 0x000000008b900000| Untracked 
|  22|0x000000008ba00000, 0x000000008ba00000, 0x000000008bb00000|  0%| F|  |TAMS 0x000000008ba00000, 0x000000008ba00000| Untracked 
|  23|0x000000008bb00000, 0x000000008bb00000, 0x000000008bc00000|  0%| F|  |TAMS 0x000000008bb00000, 0x000000008bb00000| Untracked 
|  24|0x000000008bc00000, 0x000000008bc00000, 0x000000008bd00000|  0%| F|  |TAMS 0x000000008bc00000, 0x000000008bc00000| Untracked 
|  25|0x000000008bd00000, 0x000000008bd00000, 0x000000008be00000|  0%| F|  |TAMS 0x000000008bd00000, 0x000000008bd00000| Untracked 
|  26|0x000000008be00000, 0x000000008be00000, 0x000000008bf00000|  0%| F|  |TAMS 0x000000008be00000, 0x000000008be00000| Untracked 
|  27|0x000000008bf00000, 0x000000008bf00000, 0x000000008c000000|  0%| F|  |TAMS 0x000000008bf00000, 0x000000008bf00000| Untracked 
|  28|0x000000008c000000, 0x000000008c000000, 0x000000008c100000|  0%| F|  |TAMS 0x000000008c000000, 0x000000008c000000| Untracked 
|  29|0x000000008c100000, 0x000000008c100000, 0x000000008c200000|  0%| F|  |TAMS 0x000000008c100000, 0x000000008c100000| Untracked 
|  30|0x000000008c200000, 0x000000008c200000, 0x000000008c300000|  0%| F|  |TAMS 0x000000008c200000, 0x000000008c200000| Untracked 
|  31|0x000000008c300000, 0x000000008c300000, 0x000000008c400000|  0%| F|  |TAMS 0x000000008c300000, 0x000000008c300000| Untracked 
|  32|0x000000008c400000, 0x000000008c400000, 0x000000008c500000|  0%| F|  |TAMS 0x000000008c400000, 0x000000008c400000| Untracked 
|  33|0x000000008c500000, 0x000000008c500000, 0x000000008c600000|  0%| F|  |TAMS 0x000000008c500000, 0x000000008c500000| Untracked 
|  34|0x000000008c600000, 0x000000008c600000, 0x000000008c700000|  0%| F|  |TAMS 0x000000008c600000, 0x000000008c600000| Untracked 
|  35|0x000000008c700000, 0x000000008c700000, 0x000000008c800000|  0%| F|  |TAMS 0x000000008c700000, 0x000000008c700000| Untracked 
|  36|0x000000008c800000, 0x000000008c800000, 0x000000008c900000|  0%| F|  |TAMS 0x000000008c800000, 0x000000008c800000| Untracked 
|  37|0x000000008c900000, 0x000000008c900000, 0x000000008ca00000|  0%| F|  |TAMS 0x000000008c900000, 0x000000008c900000| Untracked 
|  38|0x000000008ca00000, 0x000000008ca00000, 0x000000008cb00000|  0%| F|  |TAMS 0x000000008ca00000, 0x000000008ca00000| Untracked 
|  39|0x000000008cb00000, 0x000000008cb00000, 0x000000008cc00000|  0%| F|  |TAMS 0x000000008cb00000, 0x000000008cb00000| Untracked 
|  40|0x000000008cc00000, 0x000000008cc00000, 0x000000008cd00000|  0%| F|  |TAMS 0x000000008cc00000, 0x000000008cc00000| Untracked 
|  41|0x000000008cd00000, 0x000000008cd00000, 0x000000008ce00000|  0%| F|  |TAMS 0x000000008cd00000, 0x000000008cd00000| Untracked 
|  42|0x000000008ce00000, 0x000000008ce00000, 0x000000008cf00000|  0%| F|  |TAMS 0x000000008ce00000, 0x000000008ce00000| Untracked 
|  43|0x000000008cf00000, 0x000000008cf00000, 0x000000008d000000|  0%| F|  |TAMS 0x000000008cf00000, 0x000000008cf00000| Untracked 
|  44|0x000000008d000000, 0x000000008d000000, 0x000000008d100000|  0%| F|  |TAMS 0x000000008d000000, 0x000000008d000000| Untracked 
|  45|0x000000008d100000, 0x000000008d100000, 0x000000008d200000|  0%| F|  |TAMS 0x000000008d100000, 0x000000008d100000| Untracked 
|  46|0x000000008d200000, 0x000000008d200000, 0x000000008d300000|  0%| F|  |TAMS 0x000000008d200000, 0x000000008d200000| Untracked 
|  47|0x000000008d300000, 0x000000008d300000, 0x000000008d400000|  0%| F|  |TAMS 0x000000008d300000, 0x000000008d300000| Untracked 
|  48|0x000000008d400000, 0x000000008d400000, 0x000000008d500000|  0%| F|  |TAMS 0x000000008d400000, 0x000000008d400000| Untracked 
|  49|0x000000008d500000, 0x000000008d500000, 0x000000008d600000|  0%| F|  |TAMS 0x000000008d500000, 0x000000008d500000| Untracked 
|  50|0x000000008d600000, 0x000000008d600000, 0x000000008d700000|  0%| F|  |TAMS 0x000000008d600000, 0x000000008d600000| Untracked 
|  51|0x000000008d700000, 0x000000008d700000, 0x000000008d800000|  0%| F|  |TAMS 0x000000008d700000, 0x000000008d700000| Untracked 
|  52|0x000000008d800000, 0x000000008d800000, 0x000000008d900000|  0%| F|  |TAMS 0x000000008d800000, 0x000000008d800000| Untracked 
|  53|0x000000008d900000, 0x000000008d900000, 0x000000008da00000|  0%| F|  |TAMS 0x000000008d900000, 0x000000008d900000| Untracked 
|  54|0x000000008da00000, 0x000000008da00000, 0x000000008db00000|  0%| F|  |TAMS 0x000000008da00000, 0x000000008da00000| Untracked 
|  55|0x000000008db00000, 0x000000008db00000, 0x000000008dc00000|  0%| F|  |TAMS 0x000000008db00000, 0x000000008db00000| Untracked 
|  56|0x000000008dc00000, 0x000000008dc00000, 0x000000008dd00000|  0%| F|  |TAMS 0x000000008dc00000, 0x000000008dc00000| Untracked 
|  57|0x000000008dd00000, 0x000000008dd00000, 0x000000008de00000|  0%| F|  |TAMS 0x000000008dd00000, 0x000000008dd00000| Untracked 
|  58|0x000000008de00000, 0x000000008de00000, 0x000000008df00000|  0%| F|  |TAMS 0x000000008de00000, 0x000000008de00000| Untracked 
|  59|0x000000008df00000, 0x000000008df00000, 0x000000008e000000|  0%| F|  |TAMS 0x000000008df00000, 0x000000008df00000| Untracked 
|  60|0x000000008e000000, 0x000000008e000000, 0x000000008e100000|  0%| F|  |TAMS 0x000000008e000000, 0x000000008e000000| Untracked 
|  61|0x000000008e100000, 0x000000008e100000, 0x000000008e200000|  0%| F|  |TAMS 0x000000008e100000, 0x000000008e100000| Untracked 
|  62|0x000000008e200000, 0x000000008e200000, 0x000000008e300000|  0%| F|  |TAMS 0x000000008e200000, 0x000000008e200000| Untracked 
|  63|0x000000008e300000, 0x000000008e300000, 0x000000008e400000|  0%| F|  |TAMS 0x000000008e300000, 0x000000008e300000| Untracked 
|  64|0x000000008e400000, 0x000000008e400000, 0x000000008e500000|  0%| F|  |TAMS 0x000000008e400000, 0x000000008e400000| Untracked 
|  65|0x000000008e500000, 0x000000008e500000, 0x000000008e600000|  0%| F|  |TAMS 0x000000008e500000, 0x000000008e500000| Untracked 
|  66|0x000000008e600000, 0x000000008e600000, 0x000000008e700000|  0%| F|  |TAMS 0x000000008e600000, 0x000000008e600000| Untracked 
|  67|0x000000008e700000, 0x000000008e700000, 0x000000008e800000|  0%| F|  |TAMS 0x000000008e700000, 0x000000008e700000| Untracked 
|  68|0x000000008e800000, 0x000000008e800000, 0x000000008e900000|  0%| F|  |TAMS 0x000000008e800000, 0x000000008e800000| Untracked 
|  69|0x000000008e900000, 0x000000008e900000, 0x000000008ea00000|  0%| F|  |TAMS 0x000000008e900000, 0x000000008e900000| Untracked 
|  70|0x000000008ea00000, 0x000000008ea00000, 0x000000008eb00000|  0%| F|  |TAMS 0x000000008ea00000, 0x000000008ea00000| Untracked 
|  71|0x000000008eb00000, 0x000000008eb00000, 0x000000008ec00000|  0%| F|  |TAMS 0x000000008eb00000, 0x000000008eb00000| Untracked 
|  72|0x000000008ec00000, 0x000000008ec00000, 0x000000008ed00000|  0%| F|  |TAMS 0x000000008ec00000, 0x000000008ec00000| Untracked 
|  73|0x000000008ed00000, 0x000000008ed00000, 0x000000008ee00000|  0%| F|  |TAMS 0x000000008ed00000, 0x000000008ed00000| Untracked 
|  74|0x000000008ee00000, 0x000000008ee00000, 0x000000008ef00000|  0%| F|  |TAMS 0x000000008ee00000, 0x000000008ee00000| Untracked 
|  75|0x000000008ef00000, 0x000000008ef00000, 0x000000008f000000|  0%| F|  |TAMS 0x000000008ef00000, 0x000000008ef00000| Untracked 
|  76|0x000000008f000000, 0x000000008f000000, 0x000000008f100000|  0%| F|  |TAMS 0x000000008f000000, 0x000000008f000000| Untracked 
|  77|0x000000008f100000, 0x000000008f100000, 0x000000008f200000|  0%| F|  |TAMS 0x000000008f100000, 0x000000008f100000| Untracked 
|  78|0x000000008f200000, 0x000000008f200000, 0x000000008f300000|  0%| F|  |TAMS 0x000000008f200000, 0x000000008f200000| Untracked 
|  79|0x000000008f300000, 0x000000008f300000, 0x000000008f400000|  0%| F|  |TAMS 0x000000008f300000, 0x000000008f300000| Untracked 
|  80|0x000000008f400000, 0x000000008f400000, 0x000000008f500000|  0%| F|  |TAMS 0x000000008f400000, 0x000000008f400000| Untracked 
|  81|0x000000008f500000, 0x000000008f500000, 0x000000008f600000|  0%| F|  |TAMS 0x000000008f500000, 0x000000008f500000| Untracked 
|  82|0x000000008f600000, 0x000000008f600000, 0x000000008f700000|  0%| F|  |TAMS 0x000000008f600000, 0x000000008f600000| Untracked 
|  83|0x000000008f700000, 0x000000008f700000, 0x000000008f800000|  0%| F|  |TAMS 0x000000008f700000, 0x000000008f700000| Untracked 
|  84|0x000000008f800000, 0x000000008f800000, 0x000000008f900000|  0%| F|  |TAMS 0x000000008f800000, 0x000000008f800000| Untracked 
|  85|0x000000008f900000, 0x000000008f900000, 0x000000008fa00000|  0%| F|  |TAMS 0x000000008f900000, 0x000000008f900000| Untracked 
|  86|0x000000008fa00000, 0x000000008fa00000, 0x000000008fb00000|  0%| F|  |TAMS 0x000000008fa00000, 0x000000008fa00000| Untracked 
|  87|0x000000008fb00000, 0x000000008fb00000, 0x000000008fc00000|  0%| F|  |TAMS 0x000000008fb00000, 0x000000008fb00000| Untracked 
|  88|0x000000008fc00000, 0x000000008fc00000, 0x000000008fd00000|  0%| F|  |TAMS 0x000000008fc00000, 0x000000008fc00000| Untracked 
|  89|0x000000008fd00000, 0x000000008fd00000, 0x000000008fe00000|  0%| F|  |TAMS 0x000000008fd00000, 0x000000008fd00000| Untracked 
|  90|0x000000008fe00000, 0x000000008fe00000, 0x000000008ff00000|  0%| F|  |TAMS 0x000000008fe00000, 0x000000008fe00000| Untracked 
|  91|0x000000008ff00000, 0x000000008ff00000, 0x0000000090000000|  0%| F|  |TAMS 0x000000008ff00000, 0x000000008ff00000| Untracked 
|  92|0x0000000090000000, 0x0000000090000000, 0x0000000090100000|  0%| F|  |TAMS 0x0000000090000000, 0x0000000090000000| Untracked 
|  93|0x0000000090100000, 0x0000000090100000, 0x0000000090200000|  0%| F|  |TAMS 0x0000000090100000, 0x0000000090100000| Untracked 
|  94|0x0000000090200000, 0x0000000090200000, 0x0000000090300000|  0%| F|  |TAMS 0x0000000090200000, 0x0000000090200000| Untracked 
|  95|0x0000000090300000, 0x0000000090300000, 0x0000000090400000|  0%| F|  |TAMS 0x0000000090300000, 0x0000000090300000| Untracked 
|  96|0x0000000090400000, 0x0000000090400000, 0x0000000090500000|  0%| F|  |TAMS 0x0000000090400000, 0x0000000090400000| Untracked 
|  97|0x0000000090500000, 0x0000000090500000, 0x0000000090600000|  0%| F|  |TAMS 0x0000000090500000, 0x0000000090500000| Untracked 
|  98|0x0000000090600000, 0x0000000090600000, 0x0000000090700000|  0%| F|  |TAMS 0x0000000090600000, 0x0000000090600000| Untracked 
|  99|0x0000000090700000, 0x0000000090700000, 0x0000000090800000|  0%| F|  |TAMS 0x0000000090700000, 0x0000000090700000| Untracked 
| 100|0x0000000090800000, 0x0000000090800000, 0x0000000090900000|  0%| F|  |TAMS 0x0000000090800000, 0x0000000090800000| Untracked 
| 101|0x0000000090900000, 0x0000000090900000, 0x0000000090a00000|  0%| F|  |TAMS 0x0000000090900000, 0x0000000090900000| Untracked 
| 102|0x0000000090a00000, 0x0000000090a00000, 0x0000000090b00000|  0%| F|  |TAMS 0x0000000090a00000, 0x0000000090a00000| Untracked 
| 103|0x0000000090b00000, 0x0000000090b00000, 0x0000000090c00000|  0%| F|  |TAMS 0x0000000090b00000, 0x0000000090b00000| Untracked 
| 104|0x0000000090c00000, 0x0000000090c00000, 0x0000000090d00000|  0%| F|  |TAMS 0x0000000090c00000, 0x0000000090c00000| Untracked 
| 105|0x0000000090d00000, 0x0000000090d00000, 0x0000000090e00000|  0%| F|  |TAMS 0x0000000090d00000, 0x0000000090d00000| Untracked 
| 106|0x0000000090e00000, 0x0000000090e00000, 0x0000000090f00000|  0%| F|  |TAMS 0x0000000090e00000, 0x0000000090e00000| Untracked 
| 107|0x0000000090f00000, 0x0000000090f00000, 0x0000000091000000|  0%| F|  |TAMS 0x0000000090f00000, 0x0000000090f00000| Untracked 
| 108|0x0000000091000000, 0x0000000091000000, 0x0000000091100000|  0%| F|  |TAMS 0x0000000091000000, 0x0000000091000000| Untracked 
| 109|0x0000000091100000, 0x000000009117b708, 0x0000000091200000| 48%| E|  |TAMS 0x0000000091100000, 0x0000000091100000| Complete 
| 110|0x0000000091200000, 0x0000000091300000, 0x0000000091300000|100%| E|CS|TAMS 0x0000000091200000, 0x0000000091200000| Complete 
| 111|0x0000000091300000, 0x0000000091400000, 0x0000000091400000|100%| E|CS|TAMS 0x0000000091300000, 0x0000000091300000| Complete 
| 112|0x0000000091400000, 0x0000000091500000, 0x0000000091500000|100%| E|CS|TAMS 0x0000000091400000, 0x0000000091400000| Complete 
| 113|0x0000000091500000, 0x0000000091600000, 0x0000000091600000|100%| E|CS|TAMS 0x0000000091500000, 0x0000000091500000| Complete 
| 114|0x0000000091600000, 0x0000000091700000, 0x0000000091700000|100%| E|CS|TAMS 0x0000000091600000, 0x0000000091600000| Complete 
| 115|0x0000000091700000, 0x0000000091800000, 0x0000000091800000|100%| E|CS|TAMS 0x0000000091700000, 0x0000000091700000| Complete 
| 116|0x0000000091800000, 0x0000000091900000, 0x0000000091900000|100%| E|CS|TAMS 0x0000000091800000, 0x0000000091800000| Complete 
| 117|0x0000000091900000, 0x0000000091a00000, 0x0000000091a00000|100%| E|CS|TAMS 0x0000000091900000, 0x0000000091900000| Complete 

Card table byte_map: [0x00000259f75e0000,0x00000259f7990000] _byte_map_base: 0x00000259f718e000

Marking Bits (Prev, Next): (CMBitMap*) 0x00000259e3ecc758, (CMBitMap*) 0x00000259e3ecc790
 Prev Bits: [0x00000259f7d40000, 0x00000259f9ab0000)
 Next Bits: [0x00000259f9ab0000, 0x00000259fb820000)

Polling page: 0x00000259e1e70000

Metaspace:

Usage:
  Non-class:      6.70 MB capacity,     6.62 MB ( 99%) used,    81.80 KB (  1%) free+waste,     5.38 KB ( <1%) overhead. 
      Class:    714.00 KB capacity,   645.95 KB ( 90%) used,    65.55 KB (  9%) free+waste,     2.50 KB ( <1%) overhead. 
       Both:      7.40 MB capacity,     7.25 MB ( 98%) used,   147.34 KB (  2%) free+waste,     7.88 KB ( <1%) overhead. 

Virtual space:
  Non-class space:        8.00 MB reserved,       6.75 MB ( 84%) committed 
      Class space:        1.00 GB reserved,     768.00 KB ( <1%) committed 
             Both:        1.01 GB reserved,       7.50 MB ( <1%) committed 

Chunk freelists:
   Non-Class:  49.00 KB
       Class:  22.00 KB
        Both:  71.00 KB

MaxMetaspaceSize: 17179869184.00 GB
CompressedClassSpaceSize: 1.00 GB
Initial GC threshold: 20.80 MB
Current GC threshold: 20.80 MB
CDS: off

CodeHeap 'non-profiled nmethods': size=119168Kb used=117Kb max_used=117Kb free=119050Kb
 bounds [0x00000259ef550000, 0x00000259ef7c0000, 0x00000259f69b0000]
CodeHeap 'profiled nmethods': size=119168Kb used=628Kb max_used=628Kb free=118539Kb
 bounds [0x00000259e80f0000, 0x00000259e8360000, 0x00000259ef550000]
CodeHeap 'non-nmethods': size=7424Kb used=1109Kb max_used=1122Kb free=6314Kb
 bounds [0x00000259e79b0000, 0x00000259e7c20000, 0x00000259e80f0000]
 total_blobs=793 nmethods=435 adapters=271
 compilation: enabled
              stopped_count=0, restarted_count=0
 full_count=0

Compilation events (20 events):
Event: 0.579 Thread 0x00000259ff192000  402       3       java.lang.ThreadLocal::get (38 bytes)
Event: 0.579 Thread 0x00000259ff192000 nmethod 402 0x00000259e817c090 code [0x00000259e817c280, 0x00000259e817c548]
Event: 0.579 Thread 0x00000259ff192000  403       1       sun.nio.fs.NativeBuffer::address (5 bytes)
Event: 0.580 Thread 0x00000259ff192000 nmethod 403 0x00000259ef56ba90 code [0x00000259ef56bc40, 0x00000259ef56bcf8]
Event: 0.580 Thread 0x00000259ff192000  404       3       java.util.regex.Pattern::RemoveQEQuoting (346 bytes)
Event: 0.581 Thread 0x00000259ff192000 nmethod 404 0x00000259e817c690 code [0x00000259e817c940, 0x00000259e817da98]
Event: 0.581 Thread 0x00000259ff191000 nmethod 401 0x00000259ef56bd90 code [0x00000259ef56bf40, 0x00000259ef56c258]
Event: 0.582 Thread 0x00000259ff191000  405       4       sun.nio.fs.WindowsPathParser::isSlash (18 bytes)
Event: 0.582 Thread 0x00000259ff191000 nmethod 405 0x00000259ef56c510 code [0x00000259ef56c6a0, 0x00000259ef56c6f8]
Event: 0.583 Thread 0x00000259ff192000  406       3       java.io.RandomAccessFile::readFully (45 bytes)
Event: 0.583 Thread 0x00000259ff191000  407       4       java.lang.StringLatin1::toLowerCase (180 bytes)
Event: 0.584 Thread 0x00000259ff192000 nmethod 406 0x00000259e817e090 code [0x00000259e817e280, 0x00000259e817e5d8]
Event: 0.584 Thread 0x00000259ff192000  408       3       java.util.Properties$LineReader::readLine (635 bytes)
Event: 0.586 Thread 0x00000259ff192000 nmethod 408 0x00000259e817e790 code [0x00000259e817eb40, 0x00000259e81810f8]
Event: 0.586 Thread 0x00000259ff192000  409       3       java.util.ArrayList$Itr::next (66 bytes)
Event: 0.586 Thread 0x00000259ff192000 nmethod 409 0x00000259e8181c10 code [0x00000259e8181e20, 0x00000259e81821e8]
Event: 0.586 Thread 0x00000259ff192000  410       3       java.util.ArrayList$Itr::checkForComodification (23 bytes)
Event: 0.586 Thread 0x00000259ff192000 nmethod 410 0x00000259e8182410 code [0x00000259e81825e0, 0x00000259e81827a8]
Event: 0.586 Thread 0x00000259ff192000  411       3       java.util.regex.Pattern::nextEscaped (19 bytes)
Event: 0.586 Thread 0x00000259ff192000 nmethod 411 0x00000259e8182890 code [0x00000259e8182a40, 0x00000259e8182b78]

GC Heap History (0 events):
No events

Deoptimization events (20 events):
Event: 0.290 Thread 0x00000259e3e93800 DEOPT PACKING pc=0x00000259e81453bb sp=0x00000077611f6bc0
Event: 0.290 Thread 0x00000259e3e93800 DEOPT UNPACKING pc=0x00000259e79fa95e sp=0x00000077611f6090 mode 0
Event: 0.484 Thread 0x00000259e3e93800 DEOPT PACKING pc=0x00000259e813051b sp=0x00000077611fd740
Event: 0.484 Thread 0x00000259e3e93800 DEOPT UNPACKING pc=0x00000259e79fa95e sp=0x00000077611fcbb0 mode 0
Event: 0.484 Thread 0x00000259e3e93800 DEOPT PACKING pc=0x00000259e813051b sp=0x00000077611fd740
Event: 0.484 Thread 0x00000259e3e93800 DEOPT UNPACKING pc=0x00000259e79fa95e sp=0x00000077611fcbb0 mode 0
Event: 0.486 Thread 0x00000259e3e93800 DEOPT PACKING pc=0x00000259e813051b sp=0x00000077611fd740
Event: 0.486 Thread 0x00000259e3e93800 DEOPT UNPACKING pc=0x00000259e79fa95e sp=0x00000077611fcbb0 mode 0
Event: 0.486 Thread 0x00000259e3e93800 DEOPT PACKING pc=0x00000259e813051b sp=0x00000077611fd740
Event: 0.486 Thread 0x00000259e3e93800 DEOPT UNPACKING pc=0x00000259e79fa95e sp=0x00000077611fcbb0 mode 0
Event: 0.508 Thread 0x00000259e3e93800 DEOPT PACKING pc=0x00000259e813cf5b sp=0x00000077611fd3c0
Event: 0.508 Thread 0x00000259e3e93800 DEOPT UNPACKING pc=0x00000259e79fa95e sp=0x00000077611fc838 mode 0
Event: 0.508 Thread 0x00000259e3e93800 DEOPT PACKING pc=0x00000259e813cf5b sp=0x00000077611fd3c0
Event: 0.508 Thread 0x00000259e3e93800 DEOPT UNPACKING pc=0x00000259e79fa95e sp=0x00000077611fc838 mode 0
Event: 0.512 Thread 0x00000259e3e93800 DEOPT PACKING pc=0x00000259e813cf5b sp=0x00000077611fd3c0
Event: 0.512 Thread 0x00000259e3e93800 DEOPT UNPACKING pc=0x00000259e79fa95e sp=0x00000077611fc838 mode 0
Event: 0.512 Thread 0x00000259e3e93800 DEOPT PACKING pc=0x00000259e813cf5b sp=0x00000077611fd3c0
Event: 0.512 Thread 0x00000259e3e93800 DEOPT UNPACKING pc=0x00000259e79fa95e sp=0x00000077611fc838 mode 0
Event: 0.583 Thread 0x00000259e3e93800 DEOPT PACKING pc=0x00000259e814a208 sp=0x00000077611fd1a0
Event: 0.583 Thread 0x00000259e3e93800 DEOPT UNPACKING pc=0x00000259e79fa95e sp=0x00000077611fc670 mode 0

Classes redefined (0 events):
No events

Internal exceptions (3 events):
Event: 0.186 Thread 0x00000259e3e93800 Exception <a 'java/lang/NoSuchMethodError'{0x000000009189f788}: 'int java.lang.invoke.DirectMethodHandle$Holder.invokeSpecialIFC(java.lang.Object, java.lang.Object, int)'> (0x000000009189f788) thrown at [./src/hotspot/share/interpreter/linkResolver.cpp, line 773]
Event: 0.305 Thread 0x00000259e3e93800 Exception <a 'java/lang/NoSuchMethodError'{0x00000000916249c0}: 'int java.lang.invoke.DirectMethodHandle$Holder.invokeStaticInit(java.lang.Object, java.lang.Object)'> (0x00000000916249c0) thrown at [./src/hotspot/share/interpreter/linkResolver.cpp, line 773]
Event: 0.487 Thread 0x00000259e3e93800 Exception <a 'java/lang/NoSuchMethodError'{0x00000000916ef110}: 'int java.lang.invoke.DirectMethodHandle$Holder.invokeSpecial(java.lang.Object, java.lang.Object, java.lang.Object, java.lang.Object)'> (0x00000000916ef110) thrown at [./src/hotspot/share/interpreter/linkResolver.cpp, line 773]

Events (20 events):
Event: 0.482 loading class org/gradle/internal/service/CachingServiceLocator
Event: 0.482 loading class org/gradle/internal/service/CachingServiceLocator done
Event: 0.484 loading class org/gradle/api/internal/classpath/DefaultModuleRegistry$DefaultModule
Event: 0.484 loading class org/gradle/api/internal/classpath/DefaultModuleRegistry$DefaultModule done
Event: 0.485 loading class java/util/Collections$SingletonSet
Event: 0.485 loading class java/util/Collections$SingletonSet done
Event: 0.485 loading class java/util/Collections$1
Event: 0.485 loading class java/util/Collections$1 done
Event: 0.488 loading class org/gradle/api/internal/classpath/DefaultModuleRegistry
Event: 0.488 loading class org/gradle/api/internal/classpath/DefaultModuleRegistry done
Event: 0.500 loading class java/lang/invoke/DirectMethodHandle$Constructor
Event: 0.501 loading class java/lang/invoke/DirectMethodHandle$Constructor done
Event: 0.502 loading class org/gradle/util/internal/GUtil
Event: 0.502 loading class org/gradle/util/internal/GUtil done
Event: 0.503 loading class org/gradle/api/Transformer
Event: 0.503 loading class org/gradle/api/Transformer done
Event: 0.504 loading class org/gradle/internal/IoActions
Event: 0.504 loading class org/gradle/internal/IoActions done
Event: 0.505 loading class org/gradle/api/Action
Event: 0.505 loading class org/gradle/api/Action done


Dynamic libraries:
0x00007ff64e380000 - 0x00007ff64e38a000 	C:\Program Files\Android\Android Studio\jre\bin\java.exe
0x00007ffd2c190000 - 0x00007ffd2c388000 	C:\Windows\SYSTEM32\ntdll.dll
0x00007ffd2b8b0000 - 0x00007ffd2b96f000 	C:\Windows\System32\KERNEL32.DLL
0x00007ffd298f0000 - 0x00007ffd29bc2000 	C:\Windows\System32\KERNELBASE.dll
0x00007ffd2a0a0000 - 0x00007ffd2a1a0000 	C:\Windows\System32\ucrtbase.dll
0x00007ffd02350000 - 0x00007ffd02369000 	C:\Program Files\Android\Android Studio\jre\bin\jli.dll
0x00007ffd242e0000 - 0x00007ffd242f7000 	C:\Program Files\Android\Android Studio\jre\bin\VCRUNTIME140.dll
0x00007ffd2bef0000 - 0x00007ffd2c091000 	C:\Windows\System32\USER32.dll
0x00007ffd29e60000 - 0x00007ffd29e82000 	C:\Windows\System32\win32u.dll
0x00007ffd143e0000 - 0x00007ffd1467a000 	C:\Windows\WinSxS\amd64_microsoft.windows.common-controls_6595b64144ccf1df_6.0.19041.1110_none_60b5254171f9507e\COMCTL32.dll
0x00007ffd2bea0000 - 0x00007ffd2becb000 	C:\Windows\System32\GDI32.dll
0x00007ffd2a1e0000 - 0x00007ffd2a27e000 	C:\Windows\System32\msvcrt.dll
0x00007ffd29f90000 - 0x00007ffd2a09f000 	C:\Windows\System32\gdi32full.dll
0x00007ffd29bd0000 - 0x00007ffd29c6d000 	C:\Windows\System32\msvcp_win.dll
0x00007ffd2bdb0000 - 0x00007ffd2bde2000 	C:\Windows\System32\IMM32.DLL
0x00007ffce0dc0000 - 0x00007ffce0e5d000 	C:\Program Files\Android\Android Studio\jre\bin\msvcp140.dll
0x00007ffcacba0000 - 0x00007ffcad6a2000 	C:\Program Files\Android\Android Studio\jre\bin\server\jvm.dll
0x00007ffd2a280000 - 0x00007ffd2a32e000 	C:\Windows\System32\ADVAPI32.dll
0x00007ffd2be00000 - 0x00007ffd2be9c000 	C:\Windows\System32\sechost.dll
0x00007ffd2ac00000 - 0x00007ffd2ad25000 	C:\Windows\System32\RPCRT4.dll
0x00007ffd2aa90000 - 0x00007ffd2aa98000 	C:\Windows\System32\PSAPI.DLL
0x00007ffd20f70000 - 0x00007ffd20f7a000 	C:\Windows\SYSTEM32\VERSION.dll
0x00007ffcc2980000 - 0x00007ffcc2989000 	C:\Windows\SYSTEM32\WSOCK32.dll
0x00007ffd2ad30000 - 0x00007ffd2ad9b000 	C:\Windows\System32\WS2_32.dll
0x00007ffd1e6f0000 - 0x00007ffd1e717000 	C:\Windows\SYSTEM32\WINMM.dll
0x00007ffd27720000 - 0x00007ffd27732000 	C:\Windows\SYSTEM32\kernel.appcore.dll
0x00007ffd08020000 - 0x00007ffd08031000 	C:\Program Files\Android\Android Studio\jre\bin\verify.dll
0x00007ffd1f210000 - 0x00007ffd1f3f4000 	C:\Windows\SYSTEM32\DBGHELP.DLL
0x00007ffd1e0f0000 - 0x00007ffd1e125000 	C:\Windows\SYSTEM32\dbgcore.DLL
0x00007ffd29dd0000 - 0x00007ffd29e52000 	C:\Windows\System32\bcryptPrimitives.dll
0x00007ffd07ee0000 - 0x00007ffd07f09000 	C:\Program Files\Android\Android Studio\jre\bin\java.dll
0x00007ffd07ed0000 - 0x00007ffd07edb000 	C:\Program Files\Android\Android Studio\jre\bin\jimage.dll
0x00007ffd01b80000 - 0x00007ffd01b98000 	C:\Program Files\Android\Android Studio\jre\bin\zip.dll
0x00007ffd2ada0000 - 0x00007ffd2b4e4000 	C:\Windows\System32\SHELL32.dll
0x00007ffd27940000 - 0x00007ffd280d2000 	C:\Windows\SYSTEM32\windows.storage.dll
0x00007ffd2ba50000 - 0x00007ffd2bda5000 	C:\Windows\System32\combase.dll
0x00007ffd292e0000 - 0x00007ffd29310000 	C:\Windows\SYSTEM32\Wldp.dll
0x00007ffd2a330000 - 0x00007ffd2a3dd000 	C:\Windows\System32\SHCORE.dll
0x00007ffd2aa30000 - 0x00007ffd2aa85000 	C:\Windows\System32\shlwapi.dll
0x00007ffd297c0000 - 0x00007ffd297df000 	C:\Windows\SYSTEM32\profapi.dll
0x00007ffd01880000 - 0x00007ffd0189a000 	C:\Program Files\Android\Android Studio\jre\bin\net.dll
0x00007ffd245c0000 - 0x00007ffd246cc000 	C:\Windows\SYSTEM32\WINHTTP.dll
0x00007ffd29040000 - 0x00007ffd290aa000 	C:\Windows\system32\mswsock.dll
0x00007ffd017a0000 - 0x00007ffd017b4000 	C:\Program Files\Android\Android Studio\jre\bin\nio.dll

dbghelp: loaded successfully - version: 4.0.5 - missing functions: none
symbol engine: initialized successfully - sym options: 0x614 - pdb path: .;C:\Program Files\Android\Android Studio\jre\bin;C:\Windows\SYSTEM32;C:\Windows\WinSxS\amd64_microsoft.windows.common-controls_6595b64144ccf1df_6.0.19041.1110_none_60b5254171f9507e;C:\Program Files\Android\Android Studio\jre\bin\server

VM Arguments:
jvm_args: -Dorg.gradle.appname=gradlew 
java_command: org.gradle.wrapper.GradleWrapperMain -q -Ptarget-platform=android-x86 -Ptarget=C:\Users\IHabra\StudioProjects\clima\lib\main.dart -Pbase-application-name=android.app.Application -Pdart-defines=Zmx1dHRlci5pbnNwZWN0b3Iuc3RydWN0dXJlZEVycm9ycz10cnVl,RkxVVFRFUl9XRUJfQVVUT19ERVRFQ1Q9dHJ1ZQ== -Pdart-obfuscation=false -Ptrack-widget-creation=true -Ptree-shake-icons=false -Pfilesystem-scheme=org-dartlang-root assembleDebug
java_class_path (initial): C:\Users\IHabra\StudioProjects\clima\android\\gradle\wrapper\gradle-wrapper.jar
Launcher Type: SUN_STANDARD

[Global flags]
     intx CICompilerCount                          = 12                                        {product} {ergonomic}
     uint ConcGCThreads                            = 3                                         {product} {ergonomic}
     uint G1ConcRefinementThreads                  = 13                                        {product} {ergonomic}
   size_t G1HeapRegionSize                         = 1048576                                   {product} {ergonomic}
    uintx GCDrainStackTargetSize                   = 64                                        {product} {ergonomic}
   size_t InitialHeapSize                          = 123731968                                 {product} {ergonomic}
   size_t MarkStackSize                            = 4194304                                   {product} {ergonomic}
   size_t MaxHeapSize                              = 1975517184                                {product} {ergonomic}
   size_t MaxNewSize                               = 1184890880                                {product} {ergonomic}
   size_t MinHeapDeltaBytes                        = 1048576                                   {product} {ergonomic}
    uintx NonNMethodCodeHeapSize                   = 7594288                                {pd product} {ergonomic}
    uintx NonProfiledCodeHeapSize                  = 122031976                              {pd product} {ergonomic}
    uintx ProfiledCodeHeapSize                     = 122031976                              {pd product} {ergonomic}
    uintx ReservedCodeCacheSize                    = 251658240                              {pd product} {ergonomic}
     bool SegmentedCodeCache                       = true                                      {product} {ergonomic}
     bool UseCompressedClassPointers               = true                                 {lp64_product} {ergonomic}
     bool UseCompressedOops                        = true                                 {lp64_product} {ergonomic}
     bool UseG1GC                                  = true                                      {product} {ergonomic}
     bool UseLargePagesIndividualAllocation        = false                                  {pd product} {ergonomic}

Logging:
Log output configuration:
 #0: stdout all=warning uptime,level,tags
 #1: stderr all=off uptime,level,tags

Environment Variables:
JAVA_HOME=C:\Program Files\Android\Android Studio\jre
CLASSPATH=C:\Users\IHabra\StudioProjects\clima\android\\gradle\wrapper\gradle-wrapper.jar
PATH=C:\Program Files\OpenJDK\jdk-11.0.17.8-hotspot\bin;C:\Program Files (x86)\Common Files\Oracle\Java\javapath;C:\ProgramData\Oracle\Java\javapath;C:\Windows\system32;C:\Windows;C:\Windows\System32\Wbem;C:\Windows\System32\WindowsPowerShell\v1.0\;C:\Windows\System32\OpenSSH\;C:\Program Files (x86)\NVIDIA Corporation\PhysX\Common;C:\Program Files\NVIDIA Corporation\NVIDIA NvDLISR;C:\Program Files\Git\cmd;C:\Program Files\Git\mingw64\bin;C:\Program Files\Git\usr\bin;C:\Users\IHabra\AppData\Local\Microsoft\WindowsApps;C:\flutter\bin;C:\Users\IHabra\AppData\Local\GitHubDesktop\bin;C:\flutter\bin\mingit\cmd
USERNAME=IHabra
OS=Windows_NT
PROCESSOR_IDENTIFIER=AMD64 Family 25 Model 80 Stepping 0, AuthenticAMD



---------------  S Y S T E M  ---------------

OS: Windows 10 , 64 bit Build 19041 (10.0.19041.2364)
OS uptime: 1 days 18:34 hours

CPU:total 16 (initial active 16) (16 cores per cpu, 2 threads per core) family 25 model 80 stepping 0 microcode 0x0, cmov, cx8, fxsr, mmx, sse, sse2, sse3, ssse3, sse4.1, sse4.2, popcnt, avx, avx2, aes, clmul, erms, mmxext, 3dnowpref, lzcnt, sse4a, ht, tsc, tscinvbit, tscinv, bmi1, bmi2, adx, sha, fma

Memory: 4k page, system-wide physical 7528M (112M free)
TotalPageFile size 31080M (AvailPageFile size 0M)
current process WorkingSet (physical memory assigned to process): 48M, peak: 48M
current process commit charge ("private bytes"): 208M, peak: 208M

vm_info: OpenJDK 64-Bit Server VM (11.0.13+0-b1751.21-8125866) for windows-amd64 JRE (11.0.13+0-b1751.21-8125866), built on Feb  2 2022 03:00:22 by "builder" with MS VC++ 14.0 (VS2015)

END.
